=== Run config ===
n_topics=30 | encoder=paraphrase-MiniLM-L3-v2 | top_n=15
min_df=5 | max_df=0.5 | seed=42
classify=True | downsample=False
Log saved to: /work/RekaForgo#8658/assignment4/out/run_n30.log

Removed 1 duplicate documents (400 remaining)
Label distribution:
gold_consensus
0    207
1    193
Name: count, dtype: int64

No device provided, using cpu
Loading SentenceTransformer model from sentence-transformers/paraphrase-MiniLM-L3-v2.

--- Topics (top words) ---
Topic 0: game, games, pc, world, playing, enemies, computer, incredible, gaming, level
Topic 1: he, his, him, guy, person, himself, someone, who, dad, think
Topic 2: job, work, pay, company, career, jobs, working, companies, manager, advice
Topic 3: episode, episodes, show, seasons, watch, series, watched, fun, better, breaking
Topic 4: car, cars, driving, gas, engine, drive, used, charge, miles, rear
Topic 5: had, did, went, didn, took, were, smoking, who, performed, night
Topic 6: think, saying, should, said, would, isn, say, moment, then, argument
Topic 7: minutes, slow, speed, night, seconds, fast, hours, time, hour, playing
Topic 8: price, buy, watch, much, sold, store, prices, cheaper, cost, buying
Topic 9: play, playing, player, players, team, played, should, band, songs, league
Topic 10: make, making, magic, something, software, developers, business, project, how, design
Topic 11: weight, eating, eat, lbs, don, food, fat, body, pretty, fit
Topic 12: living, room, house, apartment, sleep, live, travel, bed, moved, home
Topic 13: we, our, us, dating, places, trip, poor, wedding, law, explore
Topic 14: music, sound, audio, noise, sounds, hear, plug, quality, amp, feedback
Topic 15: phone, app, apps, android, card, users, tried, steam, mobile, issues
Topic 16: college, school, clubs, university, club, team, sports, summer, graduated, community
Topic 17: student, career, degree, education, masters, engineering, school, course, years, teacher
Topic 18: god, believe, gods, bible, existence, theory, true, prove, universe, concept
Topic 19: bad, movies, movie, terrible, happened, evil, angry, seemed, problems, acting
Topic 20: day, out, good, guy, weekend, shit, damn, dude, anyone, interesting
Topic 21: book, books, writing, read, write, written, reading, star, character, world
Topic 22: gun, wanted, shot, shooting, case, private, state, subreddit, posting, crazy
Topic 23: going, care, hospital, your, medical, treatment, doctor, mentally, because, gt
Topic 24: dog, she, dogs, her, away, cats, sister, family, dating, mother
Topic 25: government, why, power, interests, such, support, spending, boom, instead, war
Topic 26: jokes, funny, laugh, joke, social, people, off, shows, say, saying
Topic 27: google, amazon, facebook, billion, worth, profit, internet, teams, team, 100
Topic 28: sell, companies, selling, buying, trust, idea, company, account, products, trading
Topic 29: bike, ride, mountain, back, down, off, dangerous, accident, road, hurt

--- Top 2 documents for Topic 0 ---

[1] (score=0.189)
I've been playing games for a long time. I've seen some expansive worlds. I remember having my teenage world rocked by the size of San Andreas. I remember being blown away by the size of Hyrule Field. I remember being bowled over by Skyrim and Just Cause 2.

But Xenoblade is something else. This game doesn't give a fuck. It didn't give a fuck that it was on the Wii, and it doesn't give a fuck that...

[2] (score=0.182)
As a game programmer, I disagree wholeheartedly with this statement. Were it not for the 'extra hour' of optimising I and my fellows actually -do- put in to making our products faster and better, a great many of the entertainment products that keep a great many people happy would not even be remotely playable.

When the computer has to put multiple millions of polygons on a screen, light and shado...

--- Top 2 documents for Topic 1 ---

[1] (score=0.518)
My friend is 33. He's a smart guy, stable, holds an excellent job, manages his health and finances well, and for the most part, he's not *completely* gullible or suggestible. He does exhibit a bit of a top-down view of things and he comes from a healthy family, with the unfortunate influence of a wacky mother--constantly ranting about conspiracy and "aliens on the moon"--most of which he's learned...

[2] (score=0.515)
Exactly, I'm all for letting people live their lives however they want to as long as it doesn't impact negatively on anyone else but that guy's appearance just winds me up. 
You can tell he's the type of person who when he's on public transport he pretends to read or look out of the window all the while being aware of the looks he's getting or seeing people whispering and getting off on it mentall...

--- Top 2 documents for Topic 2 ---

[1] (score=0.321)
Hello Reddit. 

I am a college senior and will be graduating in August. It is time for me to enter the job search which in of itself is a scary proposition but I digress. The university I attend (Penn State) has offered numerous career fairs and such for people in my major (Information Systems and Technologies) to try and land a job. Ideally I want to work in the field of IT Consulting but at this...

[2] (score=0.287)
So, I'll be graduating with a BS in ME next month and have a job lined up at a company where I interned last summer.  I accepted the offer because I want to have work guaranteed after I'm finished with school, but its a job that I really, REALLY don't want.  The more I think about it the less I want to work there.  I plan on looking for work elsewhere in the very near future, but am in a bit of a ...

--- Top 2 documents for Topic 3 ---

[1] (score=0.495)
I can't describe breaking bad to someone who hasn't watched it. It is so amazing and brilliant in every way and I imagine most people on this subreddit feel the same. As the seasons went on it just got better and better. Now it's over I have formulated a plan to lessen the pain of no more brba. I have decided that once a year I will find a weekend or a spare two days, in which I will watch every b...

[2] (score=0.463)
I can't say I like Smith's era more than Tennant's. Moffat was a writer on the show long before he took over, and wrote some of my favorite episodes like the Girl in the Fireplace. But personally I think he's much better writing one offs like that. His plots are beautifully devised and intricate and have satisfying conclusions, but I think they work better in short bursts, such as individual episo...

--- Top 2 documents for Topic 4 ---

[1] (score=0.279)
I have spent the last 4 days scouring used car dealerships online, and I am completely overwhelmed. Then it hit me - Why not try asking reddit? I figured it was worth a shot.


Right now I drive a Ford Taurus station wagon, circa 2000 with 160,000+ miles. The insides are rusting out, and it is time to move on. Rest in peace, my little (big) car.

New (Used) Car Needs:

* Safety ratings need to be ...

[2] (score=0.267)
So my usual [manual transmission] car for the past six months has one of those handy [auto-hold electronic brakes](  If you press the brake when or until the car stops moving, it holds you there until you accelerate away again.

This week the car's been in the bodyshop after someone hit it while parked at my flat, and I've got a Fiesta to use instead.  Great, I used to have one, it feels familiar....

--- Top 2 documents for Topic 5 ---

[1] (score=0.348)
If you haven't done so already, of course.

My girl had tickets to 112 and Blackstreet last night and they put on a great show. It was incredibly turnt up, much more than I'd expect for a relatively slow tempo genre.

112 went first and held their own, basically going through their timeline and doing a few classics that had influenced their music. Dudes also performed some Biggie classics, but of ...

[2] (score=0.243)
In 'public appearance mode' he was **absolutely awesome**. He took questions for about 45 minutes - had the crowd in stitches. He's funny, and somewhat snarky and just a hoot. I asked him a question about baking gear because my daughter and her friend are baking fools - he gave us shit because we didn't bring baked goods for him (daughter came down from college after her math test just in time for...

--- Top 2 documents for Topic 6 ---

[1] (score=0.379)
I think you have a point.  That said, I'm willing to suspend my disbelief because I've had this pointed out to me with movies before: it isn't whether it makes sense to you.  It's whether it makes sense to the character and how they think.

It's a post apocalyptic world where civilization is gone.  There is no order or morality, only survival. There is a saying: "It is better to be at the right ha...

[2] (score=0.206)
&gt;The Quran is not saying people have brains in their hearts. The sceptics must take us for fools if they think people cannot see it is a figure of speech.

The problem with this reasoning here is that *people actually believed this at the time*. Were this not the case, or had any other word been used the author could have scored himself another point for so-called Qur'anic scientific accuracy, ...

--- Top 2 documents for Topic 7 ---

[1] (score=0.855)
I've thought about this for a while, but only decided to post when someone else brought up how weak they may be.

Everyone assumes that the animatronics can walk at a leisurely speed. And that Foxy can run quite fast. However, this is proven false. Because the time spent playing does not equal the amount of time the guard has been at Freddy Fazbears Pizzeria.

I'm quite sure that an ingame hour la...

[2] (score=0.263)
Was playing a good 4 hour session on hard point and then I happen to run into this teammate who was complaining. 

Now this is typical, peeps complain about a lot of stupid stuff in game chat so I just laugh at him. However, this one was special. We were winning at the time 72 - 221 with 4 minutes left and all the sudden he starts complaining about probably the most retarded thing I've ever heard....

--- Top 2 documents for Topic 8 ---

[1] (score=0.376)
You missed:

1. Money is not the only factor being optimized for - time is as well.

2. For a winner there is just the one auction you envision here, but for the losers there is the next, and the next, until they finally succeed in buying the thing they came to the site for.

Suppose I want to score a $600 smartphone for a maximum of $200.  Often others are going to see a current price of $10, and...

[2] (score=0.307)
All watches from online retailers.  There is no guarantee that a watch is brand new.  

If you have a jewelry business.  You can buy a watch from a consumer that's near mint condition and sell it to any watch retailer.  It just needs to be a popular model.  So any of you knuckles that want to sell a mint condition watch.  Call up a online retailer.  If it's pristine condition enough.  They'll prob...

--- Top 2 documents for Topic 9 ---

[1] (score=0.160)
**Sahin**: I disagree on the point that he's a "developing player". This lad was the best player in the Bundesliga two seasons ago, better than Kagawa - you won't see Man United fans saying that Kagawa is 'developing'. He's not he finished product, of course, but Sahin is much further along his development than Henderson, despite them being of similar ages - and his age is a bonus, not a factor ag...

[2] (score=0.136)
Ok, so I thought of this in response to the kingmaking discussion [here]( but I thought it warranted it's own discussion. What do you guys think of game mechanics that try to hide the score from you?

I'm thinking of games like Small World, Dominion, Agricola, etc. Many, many games seem to have this feature and I find it ruining my experience time and again.

The main problem seems to be that as w...

--- Top 2 documents for Topic 10 ---

[1] (score=0.253)
I have my project of **"Rectrable Roof"** going on and after making all the truss and beam design in **Inventor 2012**, I was stuck on making a sheet like material in Inventor that would make the "actual" roof. A sheeting material that would be flexible like a bedsheet or something, for eg, the one they have used on the outer faces of Allianz Arena, Munich or the Water Cube, Beijing.

But after a ...

[2] (score=0.169)
As a developer I'd like to clear something up; unless its an indie studio we basically have no say on what we make. If the 'business' people (wannabe wolfs of wallstreet w.w.w.) say do it we do it with the tools given to us by the device manufacturers and limitations put in place by everybody but us. I've long stopped making games but thats how it is basically.

Now on the other hand theres studio...

--- Top 2 documents for Topic 11 ---

[1] (score=0.148)
I went to this place. It's pretty fun, but it really can be damaging to your health. I'm pretty healthy and I could kinda feel the lull after eating there. They have a large digital scale outside and inside to weigh yourself. The company policy is to offer free food to those over 350 lbs. You also have to wear hospital gowns before and during dining and your stay. If you don't finish your food the...

[2] (score=0.145)
So I'll tell you my woes and problems, but basically I would like to get a good thread of what really works and helps constipation. I know I'm not the only one with this issue! :( 



I'm female, mid 20s, ~100 lbs, lean and fit. I eat very well, no processed foods or sugar, lots of proteins and fats and veggies, drink at least 2 liters of water a day, work out 5 days a week, eat paleo about 95% of...

--- Top 2 documents for Topic 12 ---

[1] (score=0.355)
Sounds awesome. I just recently moved into a small 3 room house in the countryside after living in downtown metropolis for 23 years.

Despite being a social person, the seclusion and low budget lifestyle has been truly theraputic for both my body and mind.

I have been able to focus on myself and the things that make me happy. My stress levels have all but vanished. The only downside in this inter...

[2] (score=0.276)
Hello! 

I'm currently renting a one bedroom basement suite in a new house. It's ground level, includes laundry twice a week, and utilities. It's in the playland area. It's a decent location.

The landlords are ok... they are very green so they have been going through my trash and removing any missed recyclables... they've told me to be more careful in future or they will go through my trash again...

--- Top 2 documents for Topic 13 ---

[1] (score=0.227)
Hi Everyone! I'd like to book our honeymoon within the next month but we're both stumped as to where to go.  We want something unique where we can explore the local culture (neither of us are 'sitting by the pool for a week' people) but I also think we're underestimating how much we will want to relax after the wedding.  We're looking to spend up to $4000/person for 1-2 weeks.  So far the ideas we...

[2] (score=0.207)
Georgia fans, it sucks, I know. I understand we beat a SEC squad on the road with a vast majority of our stars injured. I understand we are the red-headed stepchild when it comes to the SEC love because we're not Alabama.  When we win four championships in three years, then maybe we can legitimately complain about being jumped.  But when FSU gives a beatdown of a ranked (legitimate or not) Marylan...

--- Top 2 documents for Topic 14 ---

[1] (score=0.531)
Let this be your first lesson in the highly expensive hobby of HiFi:   cramming more gear in the signal path isn't going to objectively improve the audio quality.  Subjectively?  Maybe, but at that point you're coloring your music to make up for a lack in overall system quality.  This might sound good to you, and if it does and it makes you happy, hey that's totally cool, enjoy your music, but let...

[2] (score=0.384)
Can someone who knows their stuff about microphones please lend me a hand into understanding my new Blue Yeti, please?

Basically, I plugged it into one of the USB jacks on my Mobo, and then ran the wire up to my desk where my Yeti is sat. 

Just to preface, I already know that the Yeti provides a constant feedback of yourself so you can hear any problems with your audio; it's synced up extremely ...

--- Top 2 documents for Topic 15 ---

[1] (score=0.313)
Ok, i don't want to spam subreddit so I'll try it in here, hopefully someone will see it:

I used Android for long time now, switched to windows phone 2 days ago (Lumia 630, Windows 8.1).

I have over 2000 pictures left over from Android as well as 5gb of music mp3 files on my SD card. I just can't see them or access them neither on my PC or Phone (I have windows 8.1 on PC as well). I tried with w...

[2] (score=0.271)
Steam's recent decision to make Steam trading cards selling dependent on whether or not you could afford to have a cellphone has made it difficult for some like me to continue to enjoy the Steam sales. Up until now, it was completely optional to add a phone number or to add Two-factor authentication through the Steam app to your account. Now, it's being tied to if you can sell Steam trading cards....

--- Top 2 documents for Topic 16 ---

[1] (score=0.557)
I just graduated high school where, although I was astounding in schoolwork, I wasn't very interested in school based Extra-Curriculars. Tried out a couple clubs in my senior year and I couldn't stand them. The only real clubs I was consistently part of was the soccer team and rock climbing club. 

I'm nervous about being able to find ECs in college that I am both successful at and enjoy. The only...

[2] (score=0.322)
Because of financial reasons I chose to enroll in my local community college in the hopes of transferring to a better school than those I was first accepted in last year. On paper, this seems very practical: saving tens of thousands of dollars, little risk of changing major, practicing good habits before university,  but one thing I did not take into account was how living with my parents would be...

--- Top 2 documents for Topic 17 ---

[1] (score=0.437)
Hello, let me first say that I am new here and not technically an engineering student. I am an Information Science (Essentially Information Systems) major going into my senior year. I am currently working as a Systems Engineer through the end of the year as an internship.

I am having second thoughts regarding my educational path, and I am hoping to get some input. I started school as a CS major, ...

[2] (score=0.308)
I'm a PhD student in mechanical engineering for context. It starts out very general, you spend a year or two really just catching up on literature since, you know, your advisor has been along for the ride for about 30 years so comparatively you're an academic infant. So you read a paper which answers questions, but also creates more questions for you.  But that's ok and is par for the course, so y...

--- Top 2 documents for Topic 18 ---

[1] (score=0.590)
[Multiverse]( wikpedia article in case anyone isn't semi-familiar with the concept...

So if we accept that there are an infinite amount of separate universes each having the potential to have their own sets of rules, physics, etc etc.  Certainly there would be universes in which Christianity is the one true religion.  So if you accept that the multiverse is probable then you must also accept that...

[2] (score=0.326)
I think the confusion arises from most people (atheists included) not being professional philosophers and consequently in casual conversation they may make statements that, if pressed, they would admit aren't completely solid in epistemological terms. For example, I admit that it is impossible to prove that god(s) do not exist. How could I? Even if I invented a computer that would calculate every ...

--- Top 2 documents for Topic 19 ---

[1] (score=0.668)
I really like your interpretation. That said, I honestly don't have any problems with the actual events and plot of the prequel movies. I actually really like WHAT happened. What I didn't like is the parts they chose to focus and expound upon, and also how quickly some things were rushed (Anakin's turn to the darkside in particular, he went from kinda rash, assholish good guy to personification of...

[2] (score=0.313)
The movies is just the first four episodes edited together, and it's pretty terrible. Honestly, the show itself is written for children and pretty much abandons the concept that Star Wars canon storytelling should be aimed at all ages and be good storytelling rather than targeted and aimed at merchandising. A lot of the writing is lazy, the same characters show up constantly despite the completely...

--- Top 2 documents for Topic 20 ---

[1] (score=0.797)
is always interesting. On a Friday or a Saturday there are a good variety of people represented. Weekend warriors, tourists, college kids, alcoholics, etc. It feels accepting, like shit I'm here just like any other day only thing is I could be anyone right now. Then there are the times at 10:30 AM on a Monday when you're buying a bottle and the guy behind you has a 40oz with clothes that obviously...

[2] (score=0.284)
Have a night, **NOT** Valentine's day.  Put together some special package or meal or plans that are all about him.  Not parenthood, not anything but stuff for him.  Yeah, he's being a putz, but you know what, it's a scary thought.  You go from having a life all yourself and you two as a pair to a life of "fuck, every little thing, I have to do to keep this drooling shit-machine alive". 

It's a ga...

--- Top 2 documents for Topic 21 ---

[1] (score=0.599)
Let me star by saying that I’m not a young fid at sci-fi and fantasy world, I have read most of the classics and I consider myself to be a hard to impress guy where books are concerned, that being said:

WOW!

Anathem blew my mind!

Let me start talking about the structure and, as the title explicitly tells you, there will be massive spoilers ahead. Structure-wise this wonderful book builds up a m...

[2] (score=0.531)
I'd like to write a book, but am stuck on how I write in first person. My character is fairly stupid, as in he isn't *that* good at school, but do I make this evident in how my book is written? I know that in first person thoughts and descriptions of surrounding events are interconnected.

How I'd write a paragraph:

"As soon as I fell, the first thing I noticed was the sky that was above me. I la...

--- Top 2 documents for Topic 22 ---

[1] (score=0.402)
FYI: 

*What is this you may ask?* An anti-gun subreddit was created and a mod there is taking pictures of people's gun collections here and posting them there and saying "If this redditor snaps..." implying that everyone on r/guns (and everyone that owns a gun, whether trained or otherwise) are all just crazy redneck gun nuts who would just go on a killing spree on a whim.

Just wanted to let you...

[2] (score=0.349)
The legality of carrying a weapon (*any* weapon) in California is: it's not, don't even bother.

To be specific:

PENAL CODE   
SECTION 21310-21390 

21310\.  Except as provided in Chapter 1 (commencing with Section
17700) of Division 2 of Title 2, any person in this state who carries
concealed upon the person any dirk or dagger is punishable by
imprisonment in a county jail not exceeding one year...

--- Top 2 documents for Topic 23 ---

[1] (score=0.575)
I'm shocked by how many people think they have to go in an ambulance because one showed up (or the firefighters say they have to). In reality, there are only four conditions under which you cannot refuse treatment or transport (in America).

1) You are mentally not competent to refuse or determine care. (you are not oriented to who you are, where you are, when it is, and what's happening)

2) You ...

[2] (score=0.215)
&gt; responsible use of the product will still result in the diseased lung or messed up mouth.

Bullshit. It is absolutely possible -- even easy -- to enjoy cigarettes responsibly simply by not smoking a whole pack a day. A few cigarettes per day is trivial, and while [it does increase your chances of dying from smoking-related illnesses,]( the chances are still good that you're going to live a lo...

--- Top 2 documents for Topic 24 ---

[1] (score=0.379)
This will be a long post, so bear with me.

Bit of background: My brother has a few... issues. When our family dog passed away (7 years ago), he rushed out immediately to get a new puppy (we'll call her H- a female Lhasa apso X poodle) from a pet shop which he claimed was for my mother (who isn't that big on looking after dogs). Initially everything was OK, she didn't get the greatest care but she...

[2] (score=0.292)
Preface: For some reason little dogs have always disliked me, yet cats and big dogs seem to love me. I have no idea why.

I was walking to my car in my apartment complex's car park. My face was buried in my phone texting someone, when there comes barking from the other end of the car park. I look up to see two women and a girl (she was around 10 I think) standing there and a little terrier type th...

--- Top 2 documents for Topic 25 ---

[1] (score=0.831)
That's a subset referred to as *military* keynesianism, Keynes advocated that government spending be used "in the interests of peace and prosperity" instead of "war and destruction".  Here's context:

&gt; Thus as the prime mover in the first stage of the technique of recovery I lay overwhelming emphasis on the increase of national purchasing power resulting from governmental expenditure which is ...

[2] (score=0.256)
Did you read the article? There was nothing against FEMA's rules providing aid to non-profits. 

*  Private nonprofits, however, are ineligible, **unless** they provide critical services such as fire and emergency, electricity, water, phone, sewer and wastewater treatment, and direct medical care.

* Private nonprofits that **deliver essential, "government" services to the general public may also ...

--- Top 2 documents for Topic 26 ---

[1] (score=0.862)
To the people saying that "the audience must be paid off" or "there's no way a real audience can laugh that hard at the jokes in BBT", it's quite a simple explanation. 

Laughing is amongst other things a social interaction that shows people around you that you find something humorous. Even though you might not laugh at jokes, shows and comics in front of your computer and TV-screen, you probably ...

[2] (score=0.344)
He has said some pretty racist shit though. At least, he did leading up to the second Silva fight. He's made a ton of remarks where he basically feigns shock that Brazil has any sort of technology. And he made these jokes continuously leading up to the fight. Often when he is asked about the backlash or about whether he thinks his comments were offensive, he'd reply back with another comment that ...

--- Top 2 documents for Topic 27 ---

[1] (score=0.666)
You said they could take all of Google's market share and not be worth 100 billion?  That's stupid by an valuation, as evidenced by the fact that Google is valued above 100 billion (and yes 95% of their money comes from advertising) and few people feel Google is drastically over valued).

More generally, Facebook only started trying to make money a few years ago (remember, no ads for the longest t...

[2] (score=0.498)
Well, that's a big question. Here's my short take:

Amazon's a big place. There are many, many teams, and they're all different, culturally. Working for the team that makes flash games on Facebook is not at all going to be the same job as working on a team that maintains a legacy tool that is needed by the ordering system for the amazon.com retail website. It really, REALLY matters what team you'r...

--- Top 2 documents for Topic 28 ---

[1] (score=0.686)
The examples you listed are a special type of security that hold American Depository Receipts, or ADR.  They are called American Depository Securities, or ADS.  They are very different than common stock of a domestic corporation exchanged via the pink sheets.

These ADS aren't businesses in the sense that you're buying domestic shares of common stock in an enterprise, but rather a sort of, you cou...

[2] (score=0.563)
I live in Somerville MA (about a mile outside Boston)

Looking to try a business selling specialty food products. I've posted about this a while ago but I'm now able to spend the money. I have two products right now (see end for long descriptions).

My idea is to make a test batch of each product, and get some of my friends and family together, have food &amp; drinks and obviously feature my produ...

--- Top 2 documents for Topic 29 ---

[1] (score=0.778)
Anyone who talks about laying their bike down is an eejit, especially when it comes to modern bikes. There's this sort of long-standing belief amongst older riders that if you're in a position where you're gonna hit something - car, wall, other bike, person - you should drop the bike because that'll stop it quicker and thus make the accident less dangerous. Back when everyone had drum brakes, that...

[2] (score=0.641)
Look, I'm not as cool as all of you.  I have a mountain bike.  Most of the riding I do, however, is on roads with some light dirt riding as my ride encounters.  Since it is a mountain bike, it  came with big knobbly tires, however it has come to my attention that I could probably do much better with my riding style with some more road-friendly tires.  Basically, it comes down to this:

I have [thi...


--- Most story-like topics ---
Topic 5 | skew=0.8630 | had, did, went, didn, took, were, smoking, who, performed, night
Topic 15 | skew=0.7701 | phone, app, apps, android, card, users, tried, steam, mobile, issues
Topic 24 | skew=0.7465 | dog, she, dogs, her, away, cats, sister, family, dating, mother
Topic 11 | skew=0.7047 | weight, eating, eat, lbs, don, food, fat, body, pretty, fit
Topic 12 | skew=0.6936 | living, room, house, apartment, sleep, live, travel, bed, moved, home

--- Least story-like topics ---
Topic 13 | skew=0.1860 | we, our, us, dating, places, trip, poor, wedding, law, explore
Topic 27 | skew=0.2038 | google, amazon, facebook, billion, worth, profit, internet, teams, team, 100
Topic 6 | skew=0.2515 | think, saying, should, said, would, isn, say, moment, then, argument
Topic 18 | skew=0.2624 | god, believe, gods, bible, existence, theory, true, prove, universe, concept
Topic 19 | skew=0.2903 | bad, movies, movie, terrible, happened, evil, angry, seemed, problems, acting
Saved: /work/RekaForgo#8658/assignment4/out/topic_similarity_lexical_n30.png
Saved: /work/RekaForgo#8658/assignment4/out/topic_similarity_semantic_n30.png
Highest semantic similarity: T20 <-> T26 = 0.836
Saved: /work/RekaForgo#8658/assignment4/out/skew_ranked_n30.png
Saved: /work/RekaForgo#8658/assignment4/out/topic_by_label_n30.png
Saved: /work/RekaForgo#8658/assignment4/out/topic_space_n30.png (used PCA)

--- Classification report (topic dists -> story/no-story) ---
              precision    recall  f1-score   support

           0       0.58      0.81      0.67        42
           1       0.62      0.34      0.44        38

    accuracy                           0.59        80
   macro avg       0.60      0.58      0.56        80
weighted avg       0.60      0.59      0.56        80

